app/build/intermediates/manifest_merge_blame_file/debug/processDebugMainManifest/manifest-merger-blame-debug-report.txt
1<?xml version="1.0" encoding="utf-8"?>
2<manifest xmlns:android="http://schemas.android.com/apk/res/android"
3    package="com.pv.realesrgan"
4    android:versionCode="1"
5    android:versionName="1.0.0" >
6
7    <uses-sdk
8        android:minSdkVersion="26"
9        android:targetSdkVersion="35" />
10
11    <uses-permission android:name="android.permission.READ_MEDIA_IMAGES" />
11-->src/main/AndroidManifest.xml:4:5-76
11-->src/main/AndroidManifest.xml:4:22-73
12    <uses-permission
12-->src/main/AndroidManifest.xml:5:5-107
13        android:name="android.permission.READ_EXTERNAL_STORAGE"
13-->src/main/AndroidManifest.xml:5:22-77
14        android:maxSdkVersion="32" />
14-->src/main/AndroidManifest.xml:5:78-104
15    <uses-permission
15-->src/main/AndroidManifest.xml:6:5-108
16        android:name="android.permission.WRITE_EXTERNAL_STORAGE"
16-->src/main/AndroidManifest.xml:6:22-78
17        android:maxSdkVersion="28" />
17-->src/main/AndroidManifest.xml:6:79-105
18
19    <permission
19-->[androidx.core:core:1.15.0] AndroidManifest.xml:22:5-24:47
20        android:name="com.pv.realesrgan.DYNAMIC_RECEIVER_NOT_EXPORTED_PERMISSION"
20-->[androidx.core:core:1.15.0] AndroidManifest.xml:23:9-81
21        android:protectionLevel="signature" />
21-->[androidx.core:core:1.15.0] AndroidManifest.xml:24:9-44
22
23    <uses-permission android:name="com.pv.realesrgan.DYNAMIC_RECEIVER_NOT_EXPORTED_PERMISSION" />
23-->[androidx.core:core:1.15.0] AndroidManifest.xml:26:5-97
23-->[androidx.core:core:1.15.0] AndroidManifest.xml:26:22-94
24
25    <application
25-->src/main/AndroidManifest.xml:8:5-40:19
26        android:allowBackup="true"
26-->src/main/AndroidManifest.xml:9:9-35
27        android:appComponentFactory="androidx.core.app.CoreComponentFactory"
27-->[androidx.core:core:1.15.0] AndroidManifest.xml:28:18-86
28        android:dataExtractionRules="@xml/data_extraction_rules"
28-->src/main/AndroidManifest.xml:10:9-65
29        android:debuggable="true"
30        android:extractNativeLibs="false"
31        android:fullBackupContent="@xml/backup_rules"
31-->src/main/AndroidManifest.xml:11:9-54
32        android:hardwareAccelerated="true"
32-->src/main/AndroidManifest.xml:16:9-43
33        android:icon="@mipmap/ic_launcher"
33-->src/main/AndroidManifest.xml:12:9-43
34        android:label="@string/app_name"
34-->src/main/AndroidManifest.xml:13:9-41
35        android:largeHeap="true"
35-->src/main/AndroidManifest.xml:17:9-33
36        android:roundIcon="@mipmap/ic_launcher_round"
36-->src/main/AndroidManifest.xml:14:9-54
37        android:supportsRtl="true"
37-->src/main/AndroidManifest.xml:15:9-35
38        android:theme="@style/Theme.RealESRGANUpscaler" >
38-->src/main/AndroidManifest.xml:18:9-56
39        <activity
39-->src/main/AndroidManifest.xml:20:9-28:20
40            android:name="com.pv.realesrgan.ui.MainActivity"
40-->src/main/AndroidManifest.xml:21:13-44
41            android:configChanges="orientation|screenSize|screenLayout|keyboardHidden"
41-->src/main/AndroidManifest.xml:23:13-87
42            android:exported="true" >
42-->src/main/AndroidManifest.xml:22:13-36
43            <intent-filter>
43-->src/main/AndroidManifest.xml:24:13-27:29
44                <action android:name="android.intent.action.MAIN" />
44-->src/main/AndroidManifest.xml:25:17-69
44-->src/main/AndroidManifest.xml:25:25-66
45
46                <category android:name="android.intent.category.LAUNCHER" />
46-->src/main/AndroidManifest.xml:26:17-77
46-->src/main/AndroidManifest.xml:26:27-74
47            </intent-filter>
48        </activity>
49
50        <provider
51            android:name="androidx.core.content.FileProvider"
51-->src/main/AndroidManifest.xml:31:13-62
52            android:authorities="com.pv.realesrgan.fileprovider"
52-->src/main/AndroidManifest.xml:32:13-64
53            android:exported="false"
53-->src/main/AndroidManifest.xml:33:13-37
54            android:grantUriPermissions="true" >
54-->src/main/AndroidManifest.xml:34:13-47
55            <meta-data
55-->src/main/AndroidManifest.xml:35:13-37:54
56                android:name="android.support.FILE_PROVIDER_PATHS"
56-->src/main/AndroidManifest.xml:36:17-67
57                android:resource="@xml/file_paths" />
57-->src/main/AndroidManifest.xml:37:17-51
58        </provider>
59        <provider
59-->[androidx.emoji2:emoji2:1.3.0] AndroidManifest.xml:24:9-32:20
60            android:name="androidx.startup.InitializationProvider"
60-->[androidx.emoji2:emoji2:1.3.0] AndroidManifest.xml:25:13-67
61            android:authorities="com.pv.realesrgan.androidx-startup"
61-->[androidx.emoji2:emoji2:1.3.0] AndroidManifest.xml:26:13-68
62            android:exported="false" >
62-->[androidx.emoji2:emoji2:1.3.0] AndroidManifest.xml:27:13-37
63            <meta-data
63-->[androidx.emoji2:emoji2:1.3.0] AndroidManifest.xml:29:13-31:52
64                android:name="androidx.emoji2.text.EmojiCompatInitializer"
64-->[androidx.emoji2:emoji2:1.3.0] AndroidManifest.xml:30:17-75
65                android:value="androidx.startup" />
65-->[androidx.emoji2:emoji2:1.3.0] AndroidManifest.xml:31:17-49
66            <meta-data
66-->[androidx.lifecycle:lifecycle-process:2.8.7] AndroidManifest.xml:29:13-31:52
67                android:name="androidx.lifecycle.ProcessLifecycleInitializer"
67-->[androidx.lifecycle:lifecycle-process:2.8.7] AndroidManifest.xml:30:17-78
68                android:value="androidx.startup" />
68-->[androidx.lifecycle:lifecycle-process:2.8.7] AndroidManifest.xml:31:17-49
69            <meta-data
69-->[androidx.profileinstaller:profileinstaller:1.4.0] AndroidManifest.xml:29:13-31:52
70                android:name="androidx.profileinstaller.ProfileInstallerInitializer"
70-->[androidx.profileinstaller:profileinstaller:1.4.0] AndroidManifest.xml:30:17-85
71                android:value="androidx.startup" />
71-->[androidx.profileinstaller:profileinstaller:1.4.0] AndroidManifest.xml:31:17-49
72        </provider>
73
74        <receiver
74-->[androidx.profileinstaller:profileinstaller:1.4.0] AndroidManifest.xml:34:9-52:20
75            android:name="androidx.profileinstaller.ProfileInstallReceiver"
75-->[androidx.profileinstaller:profileinstaller:1.4.0] AndroidManifest.xml:35:13-76
76            android:directBootAware="false"
76-->[androidx.profileinstaller:profileinstaller:1.4.0] AndroidManifest.xml:36:13-44
77            android:enabled="true"
77-->[androidx.profileinstaller:profileinstaller:1.4.0] AndroidManifest.xml:37:13-35
78            android:exported="true"
78-->[androidx.profileinstaller:profileinstaller:1.4.0] AndroidManifest.xml:38:13-36
79            android:permission="android.permission.DUMP" >
79-->[androidx.profileinstaller:profileinstaller:1.4.0] AndroidManifest.xml:39:13-57
80            <intent-filter>
80-->[androidx.profileinstaller:profileinstaller:1.4.0] AndroidManifest.xml:40:13-42:29
81                <action android:name="androidx.profileinstaller.action.INSTALL_PROFILE" />
81-->[androidx.profileinstaller:profileinstaller:1.4.0] AndroidManifest.xml:41:17-91
81-->[androidx.profileinstaller:profileinstaller:1.4.0] AndroidManifest.xml:41:25-88
82            </intent-filter>
83            <intent-filter>
83-->[androidx.profileinstaller:profileinstaller:1.4.0] AndroidManifest.xml:43:13-45:29
84                <action android:name="androidx.profileinstaller.action.SKIP_FILE" />
84-->[androidx.profileinstaller:profileinstaller:1.4.0] AndroidManifest.xml:44:17-85
84-->[androidx.profileinstaller:profileinstaller:1.4.0] AndroidManifest.xml:44:25-82
85            </intent-filter>
86            <intent-filter>
86-->[androidx.profileinstaller:profileinstaller:1.4.0] AndroidManifest.xml:46:13-48:29
87                <action android:name="androidx.profileinstaller.action.SAVE_PROFILE" />
87-->[androidx.profileinstaller:profileinstaller:1.4.0] AndroidManifest.xml:47:17-88
87-->[androidx.profileinstaller:profileinstaller:1.4.0] AndroidManifest.xml:47:25-85
88            </intent-filter>
89            <intent-filter>
89-->[androidx.profileinstaller:profileinstaller:1.4.0] AndroidManifest.xml:49:13-51:29
90                <action android:name="androidx.profileinstaller.action.BENCHMARK_OPERATION" />
90-->[androidx.profileinstaller:profileinstaller:1.4.0] AndroidManifest.xml:50:17-95
90-->[androidx.profileinstaller:profileinstaller:1.4.0] AndroidManifest.xml:50:25-92
91            </intent-filter>
92        </receiver>
93    </application>
94
95</manifest>